TN:
SF:main.js
FNF:0
FNH:0
DA:1,1
DA:2,1
DA:3,1
DA:4,1
DA:5,1
DA:6,1
DA:7,1
DA:8,1
DA:9,1
DA:10,1
DA:11,1
DA:12,1
DA:13,1
DA:14,1
DA:15,1
DA:16,1
DA:17,1
DA:18,1
DA:19,1
DA:20,1
DA:21,1
DA:22,0
DA:23,0
DA:24,0
DA:25,1
DA:26,1
DA:27,1
DA:28,1
DA:29,1
DA:30,1
DA:31,1
DA:32,1
DA:33,1
DA:34,1
DA:35,1
DA:36,1
DA:37,1
DA:38,1
DA:39,1
DA:40,1
DA:41,1
DA:42,1
DA:43,1
DA:44,1
DA:45,1
DA:46,1
DA:47,1
DA:48,1
DA:49,1
DA:50,1
DA:51,1
DA:52,1
DA:53,1
DA:54,1
DA:55,1
DA:56,1
DA:57,1
DA:58,1
DA:59,1
DA:60,1
DA:61,1
DA:62,1
DA:63,1
DA:64,1
DA:65,1
DA:66,1
DA:67,1
DA:68,1
DA:69,1
DA:70,1
DA:71,1
DA:72,1
DA:73,1
DA:74,1
DA:75,1
DA:76,1
DA:77,1
DA:78,1
DA:79,1
DA:80,1
DA:81,1
DA:82,1
DA:83,1
DA:84,1
DA:85,1
DA:86,1
DA:87,1
DA:88,1
DA:89,1
DA:90,1
DA:91,1
DA:92,1
DA:93,10
DA:94,10
DA:95,10
DA:96,10
DA:97,0
DA:98,0
DA:99,1
DA:100,1
DA:101,1
DA:102,1
DA:103,0
DA:104,0
DA:105,0
DA:106,1
DA:107,1
DA:108,1
LF:108
LH:100
BRDA:92,0,0,10
BRDA:96,1,0,0
BRF:2
BRH:1
end_of_record
TN:
SF:.jest\mockData.js
FNF:0
FNH:0
DA:1,1
DA:2,1
DA:3,1
DA:4,1
DA:5,1
DA:6,1
DA:7,1
DA:8,1
DA:9,1
DA:10,1
DA:11,1
DA:12,1
DA:13,1
DA:14,1
DA:15,1
DA:16,1
DA:17,1
DA:18,1
DA:19,1
LF:19
LH:19
BRF:0
BRH:0
end_of_record
TN:
SF:.jest\mockdbConn.js
FN:3,connectDB
FN:15,dropDB
FNF:2
FNH:2
FNDA:12,connectDB
FNDA:12,dropDB
DA:1,1
DA:2,1
DA:3,1
DA:4,12
DA:5,12
DA:6,12
DA:7,12
DA:8,12
DA:9,12
DA:10,12
DA:11,0
DA:12,0
DA:13,12
DA:14,1
DA:15,1
DA:16,12
DA:17,12
DA:18,12
DA:19,1
DA:20,1
LF:20
LH:18
BRDA:3,0,0,12
BRDA:10,1,0,0
BRDA:15,2,0,12
BRF:3
BRH:2
end_of_record
TN:
SF:config\allowedOrigins.js
FNF:0
FNH:0
DA:1,1
DA:2,1
DA:3,1
DA:4,1
DA:5,1
DA:6,1
DA:7,1
DA:8,1
LF:8
LH:8
BRF:0
BRH:0
end_of_record
TN:
SF:config\corsOptions.js
FN:4,origin
FNF:1
FNH:1
FNDA:32,origin
DA:1,1
DA:2,1
DA:3,1
DA:4,1
DA:5,32
DA:6,31
DA:7,31
DA:8,1
DA:9,1
DA:10,1
DA:11,1
DA:12,1
DA:13,1
DA:14,1
LF:14
LH:14
BRDA:4,0,0,32
BRDA:5,1,0,31
BRDA:5,2,0,31
BRDA:7,3,0,1
BRF:4
BRH:4
end_of_record
TN:
SF:config\dbConn.js
FN:3,connectDB
FNF:1
FNH:1
FNDA:2,connectDB
DA:1,1
DA:2,1
DA:3,1
DA:4,2
DA:5,2
DA:6,2
DA:7,2
DA:8,2
DA:9,2
DA:10,1
DA:11,1
DA:12,2
DA:13,1
DA:14,1
LF:14
LH:14
BRDA:3,0,0,2
BRDA:9,1,0,1
BRF:2
BRH:2
end_of_record
TN:
SF:config\server.js
FN:3,createServer
FNF:1
FNH:1
FNDA:12,createServer
DA:1,1
DA:2,1
DA:3,1
DA:4,12
DA:5,12
DA:6,12
DA:7,12
DA:8,12
DA:9,12
DA:10,12
DA:11,12
DA:12,12
DA:13,12
DA:14,1
DA:15,1
LF:15
LH:15
BRDA:3,0,0,12
BRF:1
BRH:1
end_of_record
TN:
SF:controllers\authController.js
FN:5,handleLogin
FNF:1
FNH:1
FNDA:5,handleLogin
DA:1,1
DA:2,1
DA:3,1
DA:4,1
DA:5,1
DA:6,5
DA:7,5
DA:8,4
DA:9,4
DA:10,5
DA:11,2
DA:12,2
DA:13,2
DA:14,2
DA:15,2
DA:16,2
DA:17,2
DA:18,2
DA:19,2
DA:20,2
DA:21,2
DA:22,2
DA:23,2
DA:24,5
DA:25,1
DA:26,1
LF:26
LH:26
BRDA:5,0,0,5
BRDA:7,1,0,4
BRDA:7,2,0,1
BRDA:7,3,0,4
BRDA:10,4,0,3
BRDA:10,5,0,2
BRF:6
BRH:6
end_of_record
TN:
SF:controllers\commentController.js
FN:10,createComment
FN:51,getComments
FN:66,getComment
FN:82,getCommentReplies
FN:101,deleteComment
FNF:5
FNH:5
FNDA:5,createComment
FNDA:4,getComments
FNDA:5,getComment
FNDA:6,getCommentReplies
FNDA:6,deleteComment
DA:1,1
DA:2,1
DA:3,1
DA:4,1
DA:5,1
DA:6,1
DA:7,1
DA:8,1
DA:9,1
DA:10,1
DA:11,5
DA:12,5
DA:13,4
DA:14,5
DA:15,2
DA:16,2
DA:17,2
DA:18,2
DA:19,2
DA:20,2
DA:21,2
DA:22,2
DA:23,2
DA:24,2
DA:25,2
DA:26,2
DA:27,2
DA:28,2
DA:29,2
DA:30,2
DA:31,2
DA:32,2
DA:33,2
DA:34,2
DA:35,2
DA:36,2
DA:37,2
DA:38,2
DA:39,2
DA:40,2
DA:41,2
DA:42,2
DA:43,2
DA:44,2
DA:45,2
DA:46,2
DA:47,2
DA:48,2
DA:49,5
DA:50,1
DA:51,1
DA:52,4
DA:53,4
DA:54,4
DA:55,4
DA:56,3
DA:57,3
DA:58,4
DA:59,2
DA:60,2
DA:61,2
DA:62,2
DA:63,2
DA:64,2
DA:65,1
DA:66,1
DA:67,5
DA:68,4
DA:69,4
DA:70,4
DA:71,5
DA:72,3
DA:73,3
DA:74,5
DA:75,2
DA:76,2
DA:77,2
DA:78,2
DA:79,2
DA:80,2
DA:81,1
DA:82,1
DA:83,6
DA:84,5
DA:85,5
DA:86,5
DA:87,6
DA:88,4
DA:89,4
DA:90,6
DA:91,3
DA:92,3
DA:93,6
DA:94,2
DA:95,2
DA:96,2
DA:97,2
DA:98,2
DA:99,2
DA:100,1
DA:101,1
DA:102,6
DA:103,5
DA:104,5
DA:105,6
DA:106,4
DA:107,4
DA:108,4
DA:109,4
DA:110,4
DA:111,4
DA:112,2
DA:113,2
DA:114,2
DA:115,2
DA:116,2
DA:117,2
DA:118,2
DA:119,2
DA:120,2
DA:121,2
DA:122,2
DA:123,2
DA:124,2
DA:125,2
DA:126,4
DA:127,6
DA:128,1
DA:129,1
DA:130,1
DA:131,1
DA:132,1
DA:133,1
DA:134,1
DA:135,1
LF:135
LH:135
BRDA:10,0,0,5
BRDA:12,1,0,4
BRDA:12,2,0,1
BRDA:12,3,0,4
BRDA:14,4,0,2
BRDA:51,5,0,4
BRDA:55,6,0,3
BRDA:55,7,0,1
BRDA:55,8,0,3
BRDA:58,9,0,2
BRDA:58,10,0,1
BRDA:66,11,0,5
BRDA:67,12,0,1
BRDA:67,13,0,4
BRDA:71,14,0,3
BRDA:71,15,0,1
BRDA:71,16,0,3
BRDA:74,17,0,2
BRDA:74,18,0,1
BRDA:82,19,0,6
BRDA:83,20,0,1
BRDA:83,21,0,5
BRDA:87,22,0,4
BRDA:87,23,0,1
BRDA:87,24,0,4
BRDA:90,25,0,1
BRDA:90,26,0,3
BRDA:93,27,0,2
BRDA:93,28,0,1
BRDA:101,29,0,6
BRDA:102,30,0,1
BRDA:102,31,0,5
BRDA:105,32,0,1
BRDA:105,33,0,4
BRDA:111,34,0,2
BRDA:114,35,0,0
BRDA:121,36,0,0
BRF:37
BRH:35
end_of_record
TN:
SF:controllers\followingController.js
FN:4,createFollowing
FN:26,deleteFollowing
FNF:2
FNH:2
FNDA:3,createFollowing
FNDA:4,deleteFollowing
DA:1,1
DA:2,1
DA:3,1
DA:4,1
DA:5,3
DA:6,3
DA:7,2
DA:8,2
DA:9,2
DA:10,2
DA:11,2
DA:12,2
DA:13,2
DA:14,2
DA:15,2
DA:16,2
DA:17,2
DA:18,2
DA:19,2
DA:20,2
DA:21,2
DA:22,2
DA:23,3
DA:24,3
DA:25,1
DA:26,1
DA:27,4
DA:28,4
DA:29,3
DA:30,3
DA:31,4
DA:32,2
DA:33,2
DA:34,2
DA:35,2
DA:36,2
DA:37,2
DA:38,4
DA:39,2
DA:40,2
DA:41,2
DA:42,2
DA:43,2
DA:44,2
DA:45,2
DA:46,2
DA:47,4
DA:48,4
DA:49,1
DA:50,1
DA:51,1
DA:52,1
DA:53,1
LF:53
LH:53
BRDA:4,0,0,3
BRDA:6,1,0,2
BRDA:6,2,0,1
BRDA:26,3,0,4
BRDA:28,4,0,1
BRDA:28,5,0,3
BRDA:31,6,0,2
BRDA:31,7,0,1
BRDA:38,8,0,2
BRF:9
BRH:9
end_of_record
TN:
SF:controllers\likeController.js
FN:6,createLike
FN:45,deleteLike
FNF:2
FNH:2
FNDA:6,createLike
FNDA:7,deleteLike
DA:1,1
DA:2,1
DA:3,1
DA:4,1
DA:5,1
DA:6,1
DA:7,6
DA:8,6
DA:9,5
DA:10,5
DA:11,5
DA:12,5
DA:13,5
DA:14,5
DA:15,5
DA:16,5
DA:17,5
DA:18,5
DA:19,5
DA:20,1
DA:21,1
DA:22,1
DA:23,1
DA:24,1
DA:25,1
DA:26,5
DA:27,2
DA:28,2
DA:29,2
DA:30,2
DA:31,2
DA:32,2
DA:33,2
DA:34,2
DA:35,2
DA:36,2
DA:37,2
DA:38,2
DA:39,2
DA:40,2
DA:41,2
DA:42,5
DA:43,6
DA:44,1
DA:45,1
DA:46,7
DA:47,7
DA:48,6
DA:49,6
DA:50,7
DA:51,5
DA:52,5
DA:53,5
DA:54,5
DA:55,5
DA:56,5
DA:57,1
DA:58,1
DA:59,5
DA:60,2
DA:61,2
DA:62,2
DA:63,2
DA:64,2
DA:65,2
DA:66,5
DA:67,7
DA:68,1
DA:69,1
DA:70,1
DA:71,1
DA:72,1
LF:72
LH:72
BRDA:6,0,0,6
BRDA:8,1,0,1
BRDA:8,2,0,5
BRDA:19,3,0,1
BRDA:26,4,0,4
BRDA:26,5,0,2
BRDA:45,6,0,7
BRDA:47,7,0,6
BRDA:47,8,0,1
BRDA:47,9,0,6
BRDA:50,10,0,1
BRDA:50,11,0,5
BRDA:56,12,0,1
BRDA:59,13,0,4
BRDA:59,14,0,2
BRF:15
BRH:15
end_of_record
TN:
SF:controllers\logoutController.js
FN:4,handleLogout
FNF:1
FNH:1
FNDA:4,handleLogout
DA:1,1
DA:2,1
DA:3,1
DA:4,1
DA:5,4
DA:6,4
DA:7,3
DA:8,3
DA:9,3
DA:10,4
DA:11,1
DA:12,1
DA:13,1
DA:14,2
DA:15,2
DA:16,2
DA:17,2
DA:18,2
DA:19,2
DA:20,2
DA:21,2
DA:22,2
DA:23,4
DA:24,1
DA:25,1
LF:25
LH:25
BRDA:4,0,0,4
BRDA:6,1,0,1
BRDA:6,2,0,3
BRDA:10,3,0,2
BRDA:10,4,0,1
BRF:5
BRH:5
end_of_record
TN:
SF:controllers\passwordController.js
FN:7,forgetPassword
FN:39,resetPassword
FNF:2
FNH:2
FNDA:4,forgetPassword
FNDA:3,resetPassword
DA:1,1
DA:2,1
DA:3,1
DA:4,1
DA:5,1
DA:6,1
DA:7,1
DA:8,4
DA:9,4
DA:10,4
DA:11,3
DA:12,3
DA:13,3
DA:14,3
DA:15,3
DA:16,3
DA:17,3
DA:18,3
DA:19,3
DA:20,3
DA:21,3
DA:22,3
DA:23,3
DA:24,3
DA:25,3
DA:26,3
DA:27,2
DA:28,2
DA:29,2
DA:30,1
DA:31,1
DA:32,1
DA:33,1
DA:34,1
DA:35,1
DA:36,4
DA:37,1
DA:38,1
DA:39,1
DA:40,3
DA:41,3
DA:42,3
DA:43,3
DA:44,3
DA:45,3
DA:46,3
DA:47,3
DA:48,3
DA:49,3
DA:50,3
DA:51,2
DA:52,2
DA:53,2
DA:54,2
DA:55,2
DA:56,2
DA:57,2
DA:58,2
DA:59,2
DA:60,2
DA:61,2
DA:62,2
DA:63,2
DA:64,1
DA:65,1
DA:66,1
DA:67,1
DA:68,1
LF:68
LH:68
BRDA:7,0,0,4
BRDA:10,1,0,1
BRDA:10,2,0,3
BRDA:26,3,0,2
BRDA:29,4,0,1
BRDA:39,5,0,3
BRDA:50,6,0,2
BRDA:50,7,0,1
BRF:8
BRH:8
end_of_record
TN:
SF:controllers\postController.js
FN:13,createPost
FN:35,getAllPosts
FN:49,getPost
FN:65,getPostComments
FN:85,getUserPosts
FN:105,deletePost
FNF:6
FNH:6
FNDA:3,createPost
FNDA:4,getAllPosts
FNDA:4,getPost
FNDA:5,getPostComments
FNDA:5,getUserPosts
FNDA:4,deletePost
DA:1,1
DA:2,1
DA:3,1
DA:4,1
DA:5,1
DA:6,1
DA:7,1
DA:8,1
DA:9,1
DA:10,1
DA:11,1
DA:12,1
DA:13,1
DA:14,3
DA:15,3
DA:16,2
DA:17,2
DA:18,2
DA:19,2
DA:20,2
DA:21,2
DA:22,2
DA:23,2
DA:24,2
DA:25,2
DA:26,2
DA:27,2
DA:28,2
DA:29,2
DA:30,2
DA:31,2
DA:32,3
DA:33,3
DA:34,1
DA:35,1
DA:36,4
DA:37,4
DA:38,4
DA:39,3
DA:40,3
DA:41,4
DA:42,2
DA:43,2
DA:44,2
DA:45,2
DA:46,2
DA:47,2
DA:48,1
DA:49,1
DA:50,4
DA:51,3
DA:52,3
DA:53,3
DA:54,4
DA:55,2
DA:56,2
DA:57,4
DA:58,1
DA:59,1
DA:60,1
DA:61,1
DA:62,1
DA:63,1
DA:64,1
DA:65,1
DA:66,5
DA:67,4
DA:68,4
DA:69,4
DA:70,5
DA:71,3
DA:72,3
DA:73,3
DA:74,5
DA:75,2
DA:76,2
DA:77,5
DA:78,1
DA:79,1
DA:80,1
DA:81,1
DA:82,1
DA:83,1
DA:84,1
DA:85,1
DA:86,5
DA:87,4
DA:88,4
DA:89,4
DA:90,5
DA:91,3
DA:92,3
DA:93,3
DA:94,5
DA:95,2
DA:96,2
DA:97,5
DA:98,1
DA:99,1
DA:100,1
DA:101,1
DA:102,1
DA:103,1
DA:104,1
DA:105,1
DA:106,4
DA:107,3
DA:108,3
DA:109,4
DA:110,2
DA:111,2
DA:112,2
DA:113,2
DA:114,2
DA:115,2
DA:116,2
DA:117,2
DA:118,2
DA:119,2
DA:120,2
DA:121,2
DA:122,2
DA:123,2
DA:124,2
DA:125,2
DA:126,4
DA:127,4
DA:128,1
DA:129,1
DA:130,1
DA:131,1
DA:132,1
DA:133,1
DA:134,1
DA:135,1
DA:136,1
DA:137,1
LF:137
LH:137
BRDA:13,0,0,3
BRDA:15,1,0,2
BRDA:15,2,0,1
BRDA:35,3,0,4
BRDA:38,4,0,3
BRDA:38,5,0,1
BRDA:38,6,0,3
BRDA:41,7,0,2
BRDA:41,8,0,1
BRDA:49,9,0,4
BRDA:50,10,0,1
BRDA:50,11,0,3
BRDA:54,12,0,1
BRDA:54,13,0,2
BRDA:57,14,0,1
BRDA:65,15,0,5
BRDA:66,16,0,1
BRDA:67,17,0,4
BRDA:70,18,0,1
BRDA:70,19,0,3
BRDA:74,20,0,1
BRDA:74,21,0,2
BRDA:77,22,0,1
BRDA:85,23,0,5
BRDA:86,24,0,1
BRDA:86,25,0,4
BRDA:90,26,0,1
BRDA:90,27,0,3
BRDA:94,28,0,1
BRDA:94,29,0,2
BRDA:97,30,0,1
BRDA:105,31,0,4
BRDA:106,32,0,1
BRDA:106,33,0,3
BRDA:109,34,0,2
BRDA:109,35,0,1
BRDA:124,36,0,1
BRF:37
BRH:37
end_of_record
TN:
SF:controllers\refreshTokenController.js
FN:7,handleRefresh
FNF:1
FNH:1
FNDA:5,handleRefresh
DA:1,1
DA:2,1
DA:3,1
DA:4,1
DA:5,1
DA:6,1
DA:7,1
DA:8,5
DA:9,5
DA:10,4
DA:11,4
DA:12,4
DA:13,5
DA:14,3
DA:15,3
DA:16,3
DA:17,3
DA:18,3
DA:19,3
DA:20,5
DA:21,2
DA:22,2
DA:23,2
DA:24,2
DA:25,2
DA:26,2
DA:27,2
DA:28,2
DA:29,2
DA:30,2
DA:31,1
DA:32,1
LF:32
LH:32
BRDA:7,0,0,5
BRDA:9,1,0,1
BRDA:9,2,0,4
BRDA:13,3,0,1
BRDA:13,4,0,3
BRDA:20,5,0,2
BRDA:20,6,0,1
BRF:7
BRH:7
end_of_record
TN:
SF:controllers\registerController.js
FN:6,handleNewUser
FNF:1
FNH:1
FNDA:4,handleNewUser
DA:1,1
DA:2,1
DA:3,1
DA:4,1
DA:5,1
DA:6,1
DA:7,4
DA:8,4
DA:9,3
DA:10,3
DA:11,3
DA:12,4
DA:13,2
DA:14,2
DA:15,2
DA:16,2
DA:17,2
DA:18,2
DA:19,2
DA:20,2
DA:21,2
DA:22,2
DA:23,4
DA:24,2
DA:25,2
DA:26,2
DA:27,2
DA:28,2
DA:29,2
DA:30,2
DA:31,2
DA:32,2
DA:33,2
DA:34,2
DA:35,2
DA:36,2
DA:37,2
DA:38,2
DA:39,2
DA:40,2
DA:41,2
DA:42,4
DA:43,4
DA:44,1
DA:45,1
DA:46,1
LF:46
LH:46
BRDA:6,0,0,4
BRDA:8,1,0,3
BRDA:8,2,0,3
BRDA:8,3,0,3
BRDA:8,4,0,1
BRDA:8,5,0,3
BRDA:12,6,0,2
BRDA:12,7,0,1
BRDA:23,8,0,0
BRDA:23,9,0,2
BRF:10
BRH:9
end_of_record
TN:
SF:controllers\userController.js
FN:14,getAllUsers
FN:28,getUser
FN:45,filterObj
FN:53,updateUser
FN:70,updatePassword
FN:85,deleteUser
FNF:6
FNH:6
FNDA:4,getAllUsers
FNDA:5,getUser
FNDA:2,filterObj
FNDA:4,updateUser
FNDA:4,updatePassword
FNDA:3,deleteUser
DA:1,1
DA:2,1
DA:3,1
DA:4,1
DA:5,1
DA:6,1
DA:7,1
DA:8,1
DA:9,1
DA:10,1
DA:11,1
DA:12,1
DA:13,1
DA:14,1
DA:15,4
DA:16,4
DA:17,4
DA:18,3
DA:19,3
DA:20,4
DA:21,2
DA:22,2
DA:23,2
DA:24,2
DA:25,2
DA:26,2
DA:27,1
DA:28,1
DA:29,5
DA:30,4
DA:31,4
DA:32,4
DA:33,5
DA:34,3
DA:35,3
DA:36,5
DA:37,2
DA:38,2
DA:39,2
DA:40,2
DA:41,2
DA:42,2
DA:43,1
DA:44,1
DA:45,1
DA:46,2
DA:47,2
DA:48,2
DA:49,2
DA:50,2
DA:51,2
DA:52,1
DA:53,1
DA:54,4
DA:55,4
DA:56,3
DA:57,4
DA:58,3
DA:59,3
DA:60,3
DA:61,3
DA:62,2
DA:63,2
DA:64,2
DA:65,2
DA:66,2
DA:67,2
DA:68,4
DA:69,1
DA:70,1
DA:71,4
DA:72,4
DA:73,4
DA:74,4
DA:75,2
DA:76,2
DA:77,2
DA:78,2
DA:79,2
DA:80,2
DA:81,2
DA:82,2
DA:83,2
DA:84,1
DA:85,1
DA:86,3
DA:87,3
DA:88,2
DA:89,2
DA:90,2
DA:91,2
DA:92,2
DA:93,2
DA:94,2
DA:95,2
DA:96,2
DA:97,2
DA:98,2
DA:99,2
DA:100,2
DA:101,2
DA:102,2
DA:103,2
DA:104,0
DA:105,2
DA:106,2
DA:107,2
DA:108,2
DA:109,2
DA:110,2
DA:111,2
DA:112,2
DA:113,2
DA:114,2
DA:115,2
DA:116,2
DA:117,3
DA:118,1
DA:119,1
DA:120,1
DA:121,1
DA:122,1
DA:123,1
DA:124,1
DA:125,1
LF:125
LH:124
BRDA:14,0,0,4
BRDA:17,1,0,3
BRDA:17,2,0,1
BRDA:17,3,0,3
BRDA:20,4,0,2
BRDA:20,5,0,1
BRDA:28,6,0,5
BRDA:29,7,0,1
BRDA:29,8,0,4
BRDA:33,9,0,3
BRDA:33,10,0,1
BRDA:33,11,0,3
BRDA:36,12,0,2
BRDA:36,13,0,1
BRDA:45,14,0,2
BRDA:47,15,0,2
BRDA:53,16,0,4
BRDA:55,17,0,1
BRDA:55,18,0,3
BRDA:57,19,0,3
BRDA:60,20,0,1
BRDA:61,21,0,2
BRDA:70,22,0,4
BRDA:74,23,0,3
BRDA:74,24,0,2
BRDA:85,25,0,3
BRDA:87,26,0,2
BRDA:87,27,0,1
BRDA:114,28,0,1
BRF:29
BRH:29
end_of_record
TN:
SF:middleware\credentials.js
FN:4,credentials
FNF:1
FNH:1
FNDA:31,credentials
DA:1,1
DA:2,1
DA:3,1
DA:4,1
DA:5,31
DA:6,31
DA:7,1
DA:8,1
DA:9,31
DA:10,31
DA:11,1
DA:12,1
LF:12
LH:12
BRDA:4,0,0,31
BRDA:6,1,0,1
BRF:2
BRH:2
end_of_record
TN:
SF:middleware\errorHandler.js
FN:4,devErrors
FN:13,prodErrors
FN:24,castErrorHandler
FN:29,duplicateKeyErrorHandler
FN:35,validationError
FN:46,handleJWTError
FN:48,handleExpiredJWTError
FN:50,errorHandler
FNF:8
FNH:7
FNDA:0,devErrors
FNDA:11,prodErrors
FNDA:1,castErrorHandler
FNDA:1,duplicateKeyErrorHandler
FNDA:2,validationError
FNDA:1,handleJWTError
FNDA:1,handleExpiredJWTError
FNDA:11,errorHandler
DA:1,1
DA:2,1
DA:3,1
DA:4,1
DA:5,0
DA:6,0
DA:7,0
DA:8,0
DA:9,0
DA:10,0
DA:11,0
DA:12,1
DA:13,1
DA:14,11
DA:15,10
DA:16,10
DA:17,10
DA:18,10
DA:19,11
DA:20,1
DA:21,1
DA:22,11
DA:23,1
DA:24,1
DA:25,1
DA:26,1
DA:27,1
DA:28,1
DA:29,1
DA:30,1
DA:31,1
DA:32,1
DA:33,1
DA:34,1
DA:35,1
DA:36,2
DA:37,2
DA:38,0
DA:39,0
DA:40,0
DA:41,2
DA:42,2
DA:43,2
DA:44,2
DA:45,1
DA:46,1
DA:47,1
DA:48,1
DA:49,1
DA:50,1
DA:51,11
DA:52,11
DA:53,11
DA:54,11
DA:55,11
DA:56,11
DA:57,11
DA:58,11
DA:59,11
DA:60,11
DA:61,11
DA:62,11
DA:63,1
DA:64,1
LF:64
LH:54
BRDA:13,0,0,11
BRDA:14,1,0,10
BRDA:19,2,0,1
BRDA:24,3,0,1
BRDA:29,4,0,1
BRDA:35,5,0,2
BRDA:37,6,0,0
BRDA:36,7,0,3
BRDA:46,8,0,1
BRDA:48,9,0,1
BRDA:50,10,0,11
BRDA:51,11,0,0
BRDA:53,12,0,0
BRDA:55,13,0,1
BRDA:56,14,0,1
BRDA:57,15,0,2
BRDA:58,16,0,1
BRDA:59,17,0,1
BRF:18
BRH:15
end_of_record
TN:
SF:middleware\verifyJWT.js
FNF:0
FNH:0
DA:1,1
DA:2,1
DA:3,1
DA:4,1
DA:5,1
DA:6,1
DA:7,26
DA:8,26
DA:9,24
DA:10,24
DA:11,26
DA:12,24
DA:13,24
DA:14,24
DA:15,24
DA:16,24
DA:17,24
DA:18,23
DA:19,23
DA:20,23
DA:21,23
DA:22,23
DA:23,1
DA:24,1
LF:24
LH:24
BRDA:6,0,0,26
BRDA:7,1,0,1
BRDA:8,2,0,25
BRDA:8,3,0,2
BRDA:8,4,0,24
BRDA:11,5,0,0
BRDA:11,6,0,24
BRDA:17,7,0,1
BRDA:17,8,0,23
BRF:9
BRH:8
end_of_record
TN:
SF:middleware\verifyRoles.js
FN:3,verifyRoles
FNF:1
FNH:1
FNDA:13,verifyRoles
DA:1,1
DA:2,1
DA:3,1
DA:4,13
DA:5,3
DA:6,1
DA:7,1
DA:8,2
DA:9,2
DA:10,2
DA:11,13
DA:12,1
DA:13,1
LF:13
LH:13
BRDA:3,0,0,13
BRDA:4,1,0,3
BRDA:5,2,0,2
BRDA:5,3,0,1
BRF:4
BRH:4
end_of_record
TN:
SF:model\Comment.js
FNF:0
FNH:0
DA:1,1
DA:2,1
DA:3,1
DA:4,1
DA:5,1
DA:6,1
DA:7,1
DA:8,1
DA:9,1
DA:10,1
DA:11,1
DA:12,1
DA:13,1
DA:14,1
DA:15,1
LF:15
LH:15
BRF:0
BRH:0
end_of_record
TN:
SF:model\Following.js
FNF:0
FNH:0
DA:1,1
DA:2,1
DA:3,1
DA:4,1
DA:5,1
DA:6,1
DA:7,1
DA:8,1
DA:9,1
LF:9
LH:9
BRF:0
BRH:0
end_of_record
TN:
SF:model\Like.js
FNF:0
FNH:0
DA:1,1
DA:2,1
DA:3,1
DA:4,1
DA:5,1
DA:6,1
DA:7,1
DA:8,1
DA:9,1
LF:9
LH:9
BRF:0
BRH:0
end_of_record
TN:
SF:model\Post.js
FNF:0
FNH:0
DA:1,1
DA:2,1
DA:3,1
DA:4,1
DA:5,1
DA:6,1
DA:7,1
DA:8,1
DA:9,1
DA:10,1
DA:11,1
DA:12,1
DA:13,1
DA:14,1
DA:15,1
LF:15
LH:15
BRF:0
BRH:0
end_of_record
TN:
SF:model\User.js
FN:13,validator
FN:46,validator
FN:80,Object.<anonymous>.userSchema.methods.comparePassword
FN:84,Object.<anonymous>.userSchema.methods.createPswrdResetToken
FNF:4
FNH:4
FNDA:57,validator
FNDA:56,validator
FNDA:4,Object.<anonymous>.userSchema.methods.comparePassword
FNDA:3,Object.<anonymous>.userSchema.methods.createPswrdResetToken
DA:1,1
DA:2,1
DA:3,1
DA:4,1
DA:5,1
DA:6,1
DA:7,1
DA:8,1
DA:9,1
DA:10,1
DA:11,1
DA:12,1
DA:13,1
DA:14,57
DA:15,57
DA:16,57
DA:17,1
DA:18,1
DA:19,1
DA:20,1
DA:21,1
DA:22,1
DA:23,1
DA:24,1
DA:25,1
DA:26,1
DA:27,1
DA:28,1
DA:29,1
DA:30,1
DA:31,1
DA:32,1
DA:33,1
DA:34,1
DA:35,1
DA:36,1
DA:37,1
DA:38,1
DA:39,1
DA:40,1
DA:41,1
DA:42,1
DA:43,1
DA:44,1
DA:45,1
DA:46,1
DA:47,56
DA:48,1
DA:49,1
DA:50,1
DA:51,1
DA:52,1
DA:53,1
DA:54,1
DA:55,1
DA:56,1
DA:57,1
DA:58,1
DA:59,1
DA:60,1
DA:61,1
DA:62,1
DA:63,1
DA:64,1
DA:65,1
DA:66,1
DA:67,1
DA:68,1
DA:69,1
DA:70,1
DA:71,52
DA:72,49
DA:73,49
DA:74,49
DA:75,49
DA:76,49
DA:77,1
DA:78,1
DA:79,1
DA:80,1
DA:81,4
DA:82,4
DA:83,1
DA:84,1
DA:85,3
DA:86,3
DA:87,3
DA:88,3
DA:89,3
DA:90,3
DA:91,3
DA:92,3
DA:93,3
DA:94,1
DA:95,1
LF:95
LH:95
BRDA:13,0,0,57
BRDA:46,1,0,56
BRDA:70,2,0,52
BRDA:71,3,0,51
BRDA:71,4,0,3
BRDA:71,5,0,49
BRDA:80,6,0,4
BRDA:84,7,0,3
BRF:8
BRH:8
end_of_record
TN:
SF:routes\auth.js
FNF:0
FNH:0
DA:1,1
DA:2,1
DA:3,1
DA:4,1
DA:5,1
DA:6,1
DA:7,1
DA:8,1
LF:8
LH:8
BRF:0
BRH:0
end_of_record
TN:
SF:routes\forgetPassword.js
FNF:0
FNH:0
DA:1,1
DA:2,1
DA:3,1
DA:4,1
DA:5,1
DA:6,1
DA:7,1
DA:8,1
LF:8
LH:8
BRF:0
BRH:0
end_of_record
TN:
SF:routes\logout.js
FNF:0
FNH:0
DA:1,1
DA:2,1
DA:3,1
DA:4,1
DA:5,1
DA:6,1
DA:7,1
DA:8,1
LF:8
LH:8
BRF:0
BRH:0
end_of_record
TN:
SF:routes\refresh.js
FNF:0
FNH:0
DA:1,1
DA:2,1
DA:3,1
DA:4,1
DA:5,1
DA:6,1
DA:7,1
DA:8,1
LF:8
LH:8
BRF:0
BRH:0
end_of_record
TN:
SF:routes\register.js
FNF:0
FNH:0
DA:1,1
DA:2,1
DA:3,1
DA:4,1
DA:5,1
DA:6,1
DA:7,1
DA:8,1
LF:8
LH:8
BRF:0
BRH:0
end_of_record
TN:
SF:routes\api\comments.js
FNF:0
FNH:0
DA:1,1
DA:2,1
DA:3,1
DA:4,1
DA:5,1
DA:6,1
DA:7,1
DA:8,1
DA:9,1
DA:10,1
DA:11,1
DA:12,1
DA:13,1
DA:14,1
DA:15,1
DA:16,1
DA:17,1
DA:18,1
DA:19,1
DA:20,1
DA:21,1
DA:22,1
DA:23,1
DA:24,1
DA:25,1
DA:26,1
DA:27,1
DA:28,1
DA:29,1
DA:30,1
LF:30
LH:30
BRF:0
BRH:0
end_of_record
TN:
SF:routes\api\following.js
FNF:0
FNH:0
DA:1,1
DA:2,1
DA:3,1
DA:4,1
DA:5,1
DA:6,1
DA:7,1
DA:8,1
DA:9,1
DA:10,1
DA:11,1
LF:11
LH:11
BRF:0
BRH:0
end_of_record
TN:
SF:routes\api\likes.js
FNF:0
FNH:0
DA:1,1
DA:2,1
DA:3,1
DA:4,1
DA:5,1
DA:6,1
DA:7,1
DA:8,1
DA:9,1
DA:10,1
DA:11,1
LF:11
LH:11
BRF:0
BRH:0
end_of_record
TN:
SF:routes\api\posts.js
FNF:0
FNH:0
DA:1,1
DA:2,1
DA:3,1
DA:4,1
DA:5,1
DA:6,1
DA:7,1
DA:8,1
DA:9,1
DA:10,1
DA:11,1
DA:12,1
DA:13,1
DA:14,1
DA:15,1
DA:16,1
DA:17,1
DA:18,1
DA:19,1
DA:20,1
DA:21,1
LF:21
LH:21
BRF:0
BRH:0
end_of_record
TN:
SF:routes\api\users.js
FNF:0
FNH:0
DA:1,1
DA:2,1
DA:3,1
DA:4,1
DA:5,1
DA:6,1
DA:7,1
DA:8,1
DA:9,1
DA:10,1
DA:11,1
DA:12,1
DA:13,1
DA:14,1
DA:15,1
DA:16,1
DA:17,1
DA:18,1
DA:19,1
DA:20,1
DA:21,1
LF:21
LH:21
BRF:0
BRH:0
end_of_record
TN:
SF:utils\createToken.js
FN:3,createRefreshAndAccessToken
FNF:1
FNH:1
FNDA:3,createRefreshAndAccessToken
DA:1,1
DA:2,1
DA:3,1
DA:4,3
DA:5,3
DA:6,3
DA:7,3
DA:8,3
DA:9,3
DA:10,3
DA:11,3
DA:12,3
DA:13,3
DA:14,3
DA:15,3
DA:16,3
DA:17,1
DA:18,1
DA:19,1
LF:19
LH:19
BRDA:3,0,0,3
BRF:1
BRH:1
end_of_record
TN:
SF:utils\customError.js
FN:2,CustomError
FNF:1
FNH:1
FNDA:26,CustomError
DA:1,1
DA:2,1
DA:3,26
DA:4,26
DA:5,26
DA:6,26
DA:7,26
DA:8,1
DA:9,1
DA:10,1
LF:10
LH:10
BRDA:2,0,0,26
BRF:1
BRH:1
end_of_record
TN:
SF:utils\email.js
FN:3,sendEmail
FNF:1
FNH:1
FNDA:1,sendEmail
DA:1,1
DA:2,1
DA:3,1
DA:4,1
DA:5,1
DA:6,1
DA:7,1
DA:8,1
DA:9,1
DA:10,1
DA:11,1
DA:12,1
DA:13,1
DA:14,1
DA:15,1
DA:16,1
DA:17,1
DA:18,1
DA:19,1
DA:20,1
DA:21,1
DA:22,1
DA:23,1
DA:24,1
DA:25,1
DA:26,1
LF:26
LH:26
BRDA:3,0,0,1
BRF:1
BRH:1
end_of_record
TN:
SF:utils\tryCatch.js
FN:1,tryCatch
FNF:1
FNH:1
FNDA:366,tryCatch
DA:1,1
DA:2,55
DA:3,55
DA:4,54
DA:5,4
DA:6,4
DA:7,55
DA:8,1
DA:9,1
LF:9
LH:9
BRDA:1,0,0,366
BRDA:1,1,0,55
BRDA:3,2,0,54
BRDA:3,3,0,51
BRDA:4,4,0,4
BRF:5
BRH:5
end_of_record
